<?xml version="1.0"?><coverage lines-covered="202" lines-valid="490" line-rate="0.4122448979591837" branches-covered="0" branches-valid="0" branch-rate="0" complexity="0" version="1.9" timestamp="1759450133"><sources><source>/Users/ryanamay/Documents/Documents - ryana&apos;s macbook/git/payrex-rust</source></sources><packages><package name="src" line-rate="0.4122448979591837" branch-rate="0" complexity="0"><classes><class name="client" filename="src/client.rs" line-rate="0.21428571428571427" branch-rate="0" complexity="0"><methods/><lines><line number="47" hits="2"/><line number="48" hits="8"/><line number="51" hits="4"/><line number="52" hits="12"/><line number="53" hits="0"/><line number="56" hits="4"/><line number="57" hits="12"/><line number="64" hits="0"/><line number="65" hits="0"/><line number="69" hits="0"/><line number="70" hits="0"/><line number="74" hits="0"/><line number="75" hits="0"/><line number="79" hits="0"/><line number="80" hits="0"/><line number="84" hits="0"/><line number="85" hits="0"/><line number="89" hits="0"/><line number="90" hits="0"/><line number="94" hits="0"/><line number="95" hits="0"/><line number="99" hits="0"/><line number="100" hits="0"/><line number="104" hits="0"/><line number="105" hits="0"/><line number="110" hits="0"/><line number="111" hits="0"/><line number="112" hits="0"/></lines></class><class name="config" filename="src/config.rs" line-rate="0.7068965517241379" branch-rate="0" complexity="0"><methods/><lines><line number="24" hits="8"/><line number="25" hits="24"/><line number="27" hits="16"/><line number="28" hits="2"/><line number="31" hits="0"/><line number="32" hits="0"/><line number="33" hits="0"/><line number="34" hits="0"/><line number="35" hits="0"/><line number="36" hits="0"/><line number="37" hits="0"/><line number="38" hits="0"/><line number="43" hits="3"/><line number="44" hits="3"/><line number="48" hits="8"/><line number="49" hits="8"/><line number="53" hits="1"/><line number="54" hits="1"/><line number="58" hits="8"/><line number="59" hits="8"/><line number="63" hits="2"/><line number="64" hits="2"/><line number="68" hits="3"/><line number="69" hits="3"/><line number="73" hits="6"/><line number="74" hits="6"/><line number="78" hits="1"/><line number="79" hits="1"/><line number="99" hits="0"/><line number="100" hits="0"/><line number="104" hits="2"/><line number="105" hits="4"/><line number="106" hits="2"/><line number="110" hits="0"/><line number="111" hits="0"/><line number="112" hits="0"/><line number="116" hits="2"/><line number="117" hits="2"/><line number="118" hits="2"/><line number="122" hits="1"/><line number="123" hits="1"/><line number="124" hits="1"/><line number="128" hits="1"/><line number="129" hits="1"/><line number="130" hits="1"/><line number="134" hits="0"/><line number="135" hits="0"/><line number="136" hits="0"/><line number="140" hits="1"/><line number="141" hits="1"/><line number="142" hits="1"/><line number="145" hits="3"/><line number="146" hits="5"/><line number="147" hits="3"/><line number="148" hits="6"/><line number="151" hits="0"/><line number="158" hits="4"/><line number="164" hits="2"/></lines></class><class name="error" filename="src/error.rs" line-rate="0.5476190476190477" branch-rate="0" complexity="0"><methods/><lines><line number="72" hits="0"/><line number="73" hits="0"/><line number="74" hits="0"/><line number="75" hits="0"/><line number="76" hits="0"/><line number="77" hits="0"/><line number="78" hits="0"/><line number="79" hits="0"/><line number="80" hits="0"/><line number="81" hits="0"/><line number="88" hits="4"/><line number="89" hits="4"/><line number="90" hits="8"/><line number="91" hits="7"/><line number="92" hits="4"/><line number="93" hits="2"/><line number="94" hits="2"/><line number="95" hits="2"/><line number="96" hits="2"/><line number="97" hits="1"/><line number="102" hits="6"/><line number="103" hits="9"/><line number="109" hits="2"/><line number="112" hits="6"/><line number="119" hits="1"/><line number="122" hits="3"/><line number="123" hits="1"/><line number="129" hits="2"/><line number="130" hits="2"/><line number="131" hits="6"/><line number="132" hits="0"/><line number="133" hits="0"/><line number="134" hits="0"/><line number="135" hits="0"/><line number="140" hits="1"/><line number="141" hits="1"/><line number="142" hits="1"/><line number="143" hits="0"/><line number="148" hits="0"/><line number="149" hits="0"/><line number="150" hits="0"/><line number="151" hits="0"/></lines></class><class name="http" filename="src/http.rs" line-rate="0.2441860465116279" branch-rate="0" complexity="0"><methods/><lines><line number="18" hits="6"/><line number="19" hits="12"/><line number="21" hits="30"/><line number="22" hits="12"/><line number="23" hits="6"/><line number="24" hits="12"/><line number="25" hits="6"/><line number="28" hits="6"/><line number="31" hits="0"/><line number="34" hits="6"/><line number="38" hits="0"/><line number="43" hits="0"/><line number="44" hits="0"/><line number="45" hits="0"/><line number="46" hits="0"/><line number="49" hits="0"/><line number="50" hits="0"/><line number="51" hits="0"/><line number="52" hits="0"/><line number="56" hits="0"/><line number="57" hits="0"/><line number="58" hits="0"/><line number="59" hits="0"/><line number="62" hits="0"/><line number="67" hits="0"/><line number="68" hits="0"/><line number="69" hits="0"/><line number="72" hits="0"/><line number="73" hits="0"/><line number="74" hits="0"/><line number="75" hits="0"/><line number="78" hits="1"/><line number="79" hits="3"/><line number="80" hits="3"/><line number="81" hits="1"/><line number="84" hits="0"/><line number="85" hits="0"/><line number="86" hits="0"/><line number="88" hits="0"/><line number="89" hits="0"/><line number="91" hits="0"/><line number="93" hits="0"/><line number="94" hits="0"/><line number="95" hits="0"/><line number="96" hits="0"/><line number="97" hits="0"/><line number="98" hits="0"/><line number="100" hits="0"/><line number="105" hits="0"/><line number="106" hits="0"/><line number="107" hits="0"/><line number="108" hits="0"/><line number="110" hits="0"/><line number="115" hits="0"/><line number="116" hits="0"/><line number="117" hits="0"/><line number="120" hits="0"/><line number="121" hits="0"/><line number="123" hits="0"/><line number="124" hits="0"/><line number="127" hits="0"/><line number="128" hits="0"/><line number="129" hits="0"/><line number="131" hits="0"/><line number="134" hits="0"/><line number="135" hits="0"/><line number="136" hits="0"/><line number="138" hits="0"/><line number="139" hits="0"/><line number="140" hits="0"/><line number="141" hits="0"/><line number="142" hits="0"/><line number="146" hits="0"/><line number="149" hits="3"/><line number="150" hits="0"/><line number="151" hits="1"/><line number="152" hits="1"/><line number="153" hits="0"/><line number="154" hits="1"/><line number="155" hits="0"/><line number="156" hits="0"/><line number="157" hits="0"/><line number="161" hits="3"/><line number="162" hits="9"/><line number="163" hits="12"/><line number="164" hits="3"/></lines></class></classes></package><package name="src/types" line-rate="0.7027027027027027" branch-rate="0" complexity="0"><classes><class name="common" filename="src/types/common.rs" line-rate="0.6071428571428571" branch-rate="0" complexity="0"><methods/><lines><line number="37" hits="0"/><line number="55" hits="2"/><line number="56" hits="4"/><line number="60" hits="2"/><line number="61" hits="4"/><line number="65" hits="1"/><line number="66" hits="1"/><line number="67" hits="1"/><line number="68" hits="0"/><line number="73" hits="1"/><line number="74" hits="1"/><line number="75" hits="0"/><line number="76" hits="2"/><line number="95" hits="1"/><line number="105" hits="0"/><line number="106" hits="0"/><line number="107" hits="0"/><line number="111" hits="1"/><line number="112" hits="2"/><line number="113" hits="1"/><line number="117" hits="1"/><line number="118" hits="2"/><line number="119" hits="1"/><line number="123" hits="0"/><line number="124" hits="0"/><line number="125" hits="0"/><line number="130" hits="0"/><line number="131" hits="0"/></lines></class><class name="currency" filename="src/types/currency.rs" line-rate="0.9166666666666666" branch-rate="0" complexity="0"><methods/><lines><line number="19" hits="2"/><line number="20" hits="2"/><line number="21" hits="1"/><line number="22" hits="1"/><line number="27" hits="7"/><line number="28" hits="7"/><line number="29" hits="5"/><line number="30" hits="2"/><line number="35" hits="7"/><line number="36" hits="7"/><line number="37" hits="5"/><line number="38" hits="2"/><line number="53" hits="5"/><line number="54" hits="15"/><line number="55" hits="20"/><line number="56" hits="10"/><line number="57" hits="15"/><line number="59" hits="5"/><line number="61" hits="10"/><line number="64" hits="5"/><line number="70" hits="0"/><line number="71" hits="0"/><line number="76" hits="1"/><line number="77" hits="1"/></lines></class><class name="ids" filename="src/types/ids.rs" line-rate="0.5882352941176471" branch-rate="0" complexity="0"><methods/><lines><line number="21" hits="4"/><line number="22" hits="12"/><line number="23" hits="4"/><line number="24" hits="4"/><line number="25" hits="1"/><line number="30" hits="3"/><line number="34" hits="0"/><line number="35" hits="0"/><line number="39" hits="3"/><line number="40" hits="3"/><line number="44" hits="0"/><line number="50" hits="1"/><line number="51" hits="3"/><line number="56" hits="0"/><line number="57" hits="0"/><line number="62" hits="0"/><line number="63" hits="0"/></lines></class><class name="metadata" filename="src/types/metadata.rs" line-rate="0.7333333333333333" branch-rate="0" complexity="0"><methods/><lines><line number="29" hits="7"/><line number="30" hits="7"/><line number="34" hits="1"/><line number="35" hits="2"/><line number="36" hits="4"/><line number="37" hits="1"/><line number="40" hits="8"/><line number="41" hits="48"/><line number="45" hits="8"/><line number="46" hits="32"/><line number="49" hits="1"/><line number="50" hits="3"/><line number="54" hits="2"/><line number="55" hits="6"/><line number="59" hits="3"/><line number="60" hits="6"/><line number="64" hits="2"/><line number="65" hits="4"/><line number="68" hits="0"/><line number="69" hits="0"/><line number="72" hits="1"/><line number="73" hits="2"/><line number="78" hits="1"/><line number="79" hits="1"/><line number="84" hits="0"/><line number="85" hits="0"/><line number="90" hits="0"/><line number="91" hits="0"/><line number="99" hits="0"/><line number="100" hits="0"/></lines></class><class name="pagination" filename="src/types/pagination.rs" line-rate="0.7307692307692307" branch-rate="0" complexity="0"><methods/><lines><line number="20" hits="1"/><line number="22" hits="3"/><line number="23" hits="2"/><line number="26" hits="1"/><line number="31" hits="2"/><line number="32" hits="4"/><line number="36" hits="2"/><line number="37" hits="4"/><line number="40" hits="1"/><line number="41" hits="1"/><line number="46" hits="0"/><line number="47" hits="0"/><line number="55" hits="1"/><line number="56" hits="2"/><line number="64" hits="0"/><line number="65" hits="0"/><line number="81" hits="3"/><line number="90" hits="3"/><line number="91" hits="3"/><line number="92" hits="3"/><line number="96" hits="1"/><line number="97" hits="2"/><line number="98" hits="1"/><line number="102" hits="0"/><line number="103" hits="0"/><line number="104" hits="0"/></lines></class><class name="timestamp" filename="src/types/timestamp.rs" line-rate="0.6086956521739131" branch-rate="0" complexity="0"><methods/><lines><line number="18" hits="7"/><line number="19" hits="21"/><line number="23" hits="1"/><line number="24" hits="1"/><line number="28" hits="4"/><line number="29" hits="8"/><line number="33" hits="0"/><line number="34" hits="0"/><line number="38" hits="1"/><line number="39" hits="1"/><line number="43" hits="0"/><line number="44" hits="0"/><line number="49" hits="0"/><line number="50" hits="0"/><line number="55" hits="0"/><line number="56" hits="0"/><line number="61" hits="1"/><line number="62" hits="5"/><line number="67" hits="1"/><line number="71" hits="4"/><line number="76" hits="1"/><line number="80" hits="3"/><line number="81" hits="0"/></lines></class></classes></package><package name="src/resources" line-rate="0.0546875" branch-rate="0" complexity="0"><classes><class name="billing_statements" filename="src/resources/billing_statements.rs" line-rate="0" branch-rate="0" complexity="0"><methods/><lines><line number="20" hits="0"/><line number="24" hits="0"/><line number="25" hits="0"/><line number="28" hits="0"/><line number="29" hits="0"/><line number="30" hits="0"/><line number="31" hits="0"/><line number="34" hits="0"/><line number="39" hits="0"/><line number="40" hits="0"/><line number="41" hits="0"/><line number="44" hits="0"/><line number="45" hits="0"/><line number="46" hits="0"/><line number="47" hits="0"/><line number="50" hits="0"/><line number="51" hits="0"/><line number="54" hits="0"/><line number="55" hits="0"/><line number="57" hits="0"/><line number="58" hits="0"/><line number="60" hits="0"/><line number="63" hits="0"/><line number="64" hits="0"/><line number="65" hits="0"/><line number="66" hits="0"/><line number="69" hits="0"/><line number="70" hits="0"/><line number="71" hits="0"/><line number="72" hits="0"/></lines></class><class name="checkout_sessions" filename="src/resources/checkout_sessions.rs" line-rate="0" branch-rate="0" complexity="0"><methods/><lines><line number="20" hits="0"/><line number="24" hits="0"/><line number="25" hits="0"/><line number="28" hits="0"/><line number="29" hits="0"/><line number="30" hits="0"/><line number="31" hits="0"/><line number="34" hits="0"/><line number="35" hits="0"/><line number="36" hits="0"/><line number="37" hits="0"/></lines></class><class name="customers" filename="src/resources/customers.rs" line-rate="0" branch-rate="0" complexity="0"><methods/><lines><line number="21" hits="0"/><line number="25" hits="0"/><line number="26" hits="0"/><line number="29" hits="0"/><line number="30" hits="0"/><line number="33" hits="0"/><line number="34" hits="0"/><line number="35" hits="0"/><line number="36" hits="0"/><line number="39" hits="0"/><line number="40" hits="0"/><line number="41" hits="0"/><line number="42" hits="0"/><line number="45" hits="0"/><line number="46" hits="0"/></lines></class><class name="events" filename="src/resources/events.rs" line-rate="0" branch-rate="0" complexity="0"><methods/><lines><line number="21" hits="0"/><line number="25" hits="0"/><line number="26" hits="0"/><line number="29" hits="0"/><line number="30" hits="0"/></lines></class><class name="payment_intents" filename="src/resources/payment_intents.rs" line-rate="0.28" branch-rate="0" complexity="0"><methods/><lines><line number="21" hits="0"/><line number="25" hits="0"/><line number="26" hits="0"/><line number="29" hits="0"/><line number="30" hits="0"/><line number="31" hits="0"/><line number="32" hits="0"/><line number="35" hits="0"/><line number="36" hits="0"/><line number="37" hits="0"/><line number="38" hits="0"/><line number="41" hits="0"/><line number="42" hits="0"/><line number="43" hits="0"/><line number="44" hits="0"/><line number="121" hits="1"/><line number="132" hits="1"/><line number="133" hits="2"/><line number="134" hits="1"/><line number="138" hits="0"/><line number="139" hits="0"/><line number="140" hits="0"/><line number="144" hits="1"/><line number="145" hits="1"/><line number="146" hits="1"/></lines></class><class name="payments" filename="src/resources/payments.rs" line-rate="0" branch-rate="0" complexity="0"><methods/><lines><line number="20" hits="0"/><line number="24" hits="0"/><line number="25" hits="0"/><line number="28" hits="0"/><line number="29" hits="0"/><line number="30" hits="0"/><line number="31" hits="0"/></lines></class><class name="payouts" filename="src/resources/payouts.rs" line-rate="0" branch-rate="0" complexity="0"><methods/><lines><line number="20" hits="0"/><line number="24" hits="0"/><line number="25" hits="0"/><line number="28" hits="0"/><line number="29" hits="0"/></lines></class><class name="refunds" filename="src/resources/refunds.rs" line-rate="0" branch-rate="0" complexity="0"><methods/><lines><line number="20" hits="0"/><line number="24" hits="0"/><line number="25" hits="0"/><line number="28" hits="0"/><line number="29" hits="0"/><line number="30" hits="0"/><line number="31" hits="0"/></lines></class><class name="webhooks" filename="src/resources/webhooks.rs" line-rate="0" branch-rate="0" complexity="0"><methods/><lines><line number="20" hits="0"/><line number="24" hits="0"/><line number="25" hits="0"/><line number="28" hits="0"/><line number="29" hits="0"/><line number="32" hits="0"/><line number="33" hits="0"/><line number="34" hits="0"/><line number="35" hits="0"/><line number="38" hits="0"/><line number="39" hits="0"/><line number="40" hits="0"/><line number="41" hits="0"/><line number="44" hits="0"/><line number="45" hits="0"/><line number="48" hits="0"/><line number="49" hits="0"/><line number="50" hits="0"/><line number="51" hits="0"/><line number="54" hits="0"/><line number="55" hits="0"/><line number="56" hits="0"/><line number="57" hits="0"/></lines></class></classes></package><package name="examples" line-rate="0" branch-rate="0" complexity="0"><classes></classes></package></packages></coverage>